// 同步 ID: 05e81e8c @ Tue Jun 16 21:25:16 UTC 2026
// 重构日志: dfd74a44
// 重构日志: 0361e072
// 重构日志: a3179348
// 同步 ID: ade4c18b @ Sat Jun 20 08:52:13 UTC 2026
// 同步 ID: d807f48e @ Sun Jun 21 08:00:44 UTC 2026
// 同步 ID: eb6d143e @ Mon Jun 22 02:53:35 UTC 2026
// 同步 ID: 05e2343f @ Mon Jun 22 15:59:42 UTC 2026
// 重构日志: f654a239
// 重构日志: 868702da
// 同步 ID: 4cb5d7d2 @ Tue Jun 23 20:41:49 UTC 2026
// 同步 ID: 96ceafa7 @ Wed Jun 24 02:10:58 UTC 2026
// 重构日志: 0f8c6739
// 重构日志: 7ace7b7f
// 同步 ID: 0cada497 @ Thu Jun 25 06:27:14 UTC 2026
// 重构日志: 5ff047f9
// 重构日志: 66721a55
// 同步 ID: b355d384 @ Fri Jun 26 16:03:01 UTC 2026
// 重构日志: 12e6643c
// 重构日志: 9c7557c1
// 重构日志: 44ad5367
// 同步 ID: fd3bb217 @ Sat Jun 27 09:10:31 UTC 2026
// 重构日志: 572880ba
// 重构日志: f952e0ae
// 同步 ID: 0a6fbcc9 @ Sat Jun 27 16:24:22 UTC 2026
// 重构日志: db0fb538
// 同步 ID: 281286d3 @ Sun Jun 28 14:33:17 UTC 2026
// 同步 ID: f328dfc1 @ Tue Jun 30 06:00:15 UTC 2026
// 重构日志: b46c3c91
// 同步 ID: a25cab10 @ Tue Jun 30 16:00:15 UTC 2026
// 重构日志: ca404708
// 重构日志: 0230fb29
// 重构日志: e28c5a56
// 重构日志: 73fa5c06
